# JRE version: OpenJDK Runtime Environment (8.0_131-b11) (build 1.8.0_131-8u131-b11-2ubuntu1.16.04.3-b11)
# Java VM: OpenJDK 64-Bit Server VM (25.131-b11 mixed mode linux-amd64 compressed oops)
Heap:
 PSYoungGen      total 228352K, used 10653K [0x00000000d6e00000, 0x00000000e5900000, 0x0000000100000000)
  eden space 217600K, 0% used [0x00000000d6e00000,0x00000000d6e00000,0x00000000e4280000)
  from space 10752K, 99% used [0x00000000e4400000,0x00000000e4e676f8,0x00000000e4e80000)
  to   space 7168K, 0% used [0x00000000e5200000,0x00000000e5200000,0x00000000e5900000)
 ParOldGen       total 55296K, used 11190K [0x0000000084a00000, 0x0000000088000000, 0x00000000d6e00000)
  object space 55296K, 20% used [0x0000000084a00000,0x00000000854edb58,0x0000000088000000)
 Metaspace       used 28419K, capacity 28756K, committed 29056K, reserved 1075200K
  class space    used 3607K, capacity 3706K, committed 3712K, reserved 1048576K
GC Heap History (10 events):
Event: 6,002 GC heap after
Heap after GC invocations=5 (full 0):
 PSYoungGen      total 68608K, used 5116K [0x00000000d6e00000, 0x00000000e0000000, 0x0000000100000000)
  eden space 63488K, 0% used [0x00000000d6e00000,0x00000000d6e00000,0x00000000dac00000)
  from space 5120K, 99% used [0x00000000dac00000,0x00000000db0ff0b0,0x00000000db100000)
  to   space 11264K, 0% used [0x00000000df500000,0x00000000df500000,0x00000000e0000000)
 ParOldGen       total 84992K, used 8998K [0x0000000084a00000, 0x0000000089d00000, 0x00000000d6e00000)
  object space 84992K, 10% used [0x0000000084a00000,0x00000000852c9ae0,0x0000000089d00000)
 Metaspace       used 19424K, capacity 19694K, committed 19968K, reserved 1067008K
  class space    used 2352K, capacity 2435K, committed 2560K, reserved 1048576K
}
Event: 6,532 GC heap before
{Heap before GC invocations=6 (full 0):
 PSYoungGen      total 68608K, used 48774K [0x00000000d6e00000, 0x00000000e0000000, 0x0000000100000000)
  eden space 63488K, 68% used [0x00000000d6e00000,0x00000000d98a2a48,0x00000000dac00000)
  from space 5120K, 99% used [0x00000000dac00000,0x00000000db0ff0b0,0x00000000db100000)
  to   space 11264K, 0% used [0x00000000df500000,0x00000000df500000,0x00000000e0000000)
 ParOldGen       total 84992K, used 8998K [0x0000000084a00000, 0x0000000089d00000, 0x00000000d6e00000)
  object space 84992K, 10% used [0x0000000084a00000,0x00000000852c9ae0,0x0000000089d00000)
 Metaspace       used 20973K, capacity 21216K, committed 21296K, reserved 1069056K
  class space    used 2558K, capacity 2662K, committed 2688K, reserved 1048576K
Event: 6,550 GC heap after
Heap after GC invocations=6 (full 0):
 PSYoungGen      total 137216K, used 7119K [0x00000000d6e00000, 0x00000000dff00000, 0x0000000100000000)
  eden space 126976K, 0% used [0x00000000d6e00000,0x00000000d6e00000,0x00000000dea00000)
  from space 10240K, 69% used [0x00000000df500000,0x00000000dfbf3d00,0x00000000dff00000)
  to   space 10752K, 0% used [0x00000000dea00000,0x00000000dea00000,0x00000000df480000)
 ParOldGen       total 84992K, used 9006K [0x0000000084a00000, 0x0000000089d00000, 0x00000000d6e00000)
  object space 84992K, 10% used [0x0000000084a00000,0x00000000852cbae0,0x0000000089d00000)
 Metaspace       used 20973K, capacity 21216K, committed 21296K, reserved 1069056K
  class space    used 2558K, capacity 2662K, committed 2688K, reserved 1048576K
}
Event: 6,550 GC heap before
{Heap before GC invocations=7 (full 1):
 PSYoungGen      total 137216K, used 7119K [0x00000000d6e00000, 0x00000000dff00000, 0x0000000100000000)
  eden space 126976K, 0% used [0x00000000d6e00000,0x00000000d6e00000,0x00000000dea00000)
  from space 10240K, 69% used [0x00000000df500000,0x00000000dfbf3d00,0x00000000dff00000)
  to   space 10752K, 0% used [0x00000000dea00000,0x00000000dea00000,0x00000000df480000)
 ParOldGen       total 84992K, used 9006K [0x0000000084a00000, 0x0000000089d00000, 0x00000000d6e00000)
  object space 84992K, 10% used [0x0000000084a00000,0x00000000852cbae0,0x0000000089d00000)
 Metaspace       used 20973K, capacity 21216K, committed 21296K, reserved 1069056K
  class space    used 2558K, capacity 2662K, committed 2688K, reserved 1048576K
Event: 6,610 GC heap after
Heap after GC invocations=7 (full 1):
 PSYoungGen      total 137216K, used 0K [0x00000000d6e00000, 0x00000000dff00000, 0x0000000100000000)
  eden space 126976K, 0% used [0x00000000d6e00000,0x00000000d6e00000,0x00000000dea00000)
  from space 10240K, 0% used [0x00000000df500000,0x00000000df500000,0x00000000dff00000)
  to   space 10752K, 0% used [0x00000000dea00000,0x00000000dea00000,0x00000000df480000)
 ParOldGen       total 55296K, used 11166K [0x0000000084a00000, 0x0000000088000000, 0x00000000d6e00000)
  object space 55296K, 20% used [0x0000000084a00000,0x00000000854e7b58,0x0000000088000000)
 Metaspace       used 20973K, capacity 21216K, committed 21296K, reserved 1069056K
  class space    used 2558K, capacity 2662K, committed 2688K, reserved 1048576K
}
Event: 7,744 GC heap before
{Heap before GC invocations=8 (full 1):
 PSYoungGen      total 137216K, used 126976K [0x00000000d6e00000, 0x00000000dff00000, 0x0000000100000000)
  eden space 126976K, 100% used [0x00000000d6e00000,0x00000000dea00000,0x00000000dea00000)
  from space 10240K, 0% used [0x00000000df500000,0x00000000df500000,0x00000000dff00000)
  to   space 10752K, 0% used [0x00000000dea00000,0x00000000dea00000,0x00000000df480000)
 ParOldGen       total 55296K, used 11166K [0x0000000084a00000, 0x0000000088000000, 0x00000000d6e00000)
  object space 55296K, 20% used [0x0000000084a00000,0x00000000854e7b58,0x0000000088000000)
 Metaspace       used 23121K, capacity 23404K, committed 23552K, reserved 1069056K
  class space    used 2888K, capacity 2984K, committed 3072K, reserved 1048576K
Event: 7,749 GC heap after
Heap after GC invocations=8 (full 1):
 PSYoungGen      total 137728K, used 3673K [0x00000000d6e00000, 0x00000000e5c80000, 0x0000000100000000)
  eden space 126976K, 0% used [0x00000000d6e00000,0x00000000d6e00000,0x00000000dea00000)
  from space 10752K, 34% used [0x00000000dea00000,0x00000000ded96418,0x00000000df480000)
  to   space 10752K, 0% used [0x00000000e5200000,0x00000000e5200000,0x00000000e5c80000)
 ParOldGen       total 55296K, used 11174K [0x0000000084a00000, 0x0000000088000000, 0x00000000d6e00000)
  object space 55296K, 20% used [0x0000000084a00000,0x00000000854e9b58,0x0000000088000000)
 Metaspace       used 23121K, capacity 23404K, committed 23552K, reserved 1069056K
  class space    used 2888K, capacity 2984K, committed 3072K, reserved 1048576K
}
Event: 9,951 GC heap before
{Heap before GC invocations=9 (full 1):
 PSYoungGen      total 137728K, used 130649K [0x00000000d6e00000, 0x00000000e5c80000, 0x0000000100000000)
  eden space 126976K, 100% used [0x00000000d6e00000,0x00000000dea00000,0x00000000dea00000)
  from space 10752K, 34% used [0x00000000dea00000,0x00000000ded96418,0x00000000df480000)
  to   space 10752K, 0% used [0x00000000e5200000,0x00000000e5200000,0x00000000e5c80000)
 ParOldGen       total 55296K, used 11174K [0x0000000084a00000, 0x0000000088000000, 0x00000000d6e00000)
  object space 55296K, 20% used [0x0000000084a00000,0x00000000854e9b58,0x0000000088000000)
 Metaspace       used 25713K, capacity 25970K, committed 26240K, reserved 1073152K
  class space    used 3236K, capacity 3343K, committed 3456K, reserved 1048576K
Event: 9,968 GC heap after
Heap after GC invocations=9 (full 1):
 PSYoungGen      total 224768K, used 6701K [0x00000000d6e00000, 0x00000000e5900000, 0x0000000100000000)
  eden space 217600K, 0% used [0x00000000d6e00000,0x00000000d6e00000,0x00000000e4280000)
  from space 7168K, 93% used [0x00000000e5200000,0x00000000e588b498,0x00000000e5900000)
  to   space 10752K, 0% used [0x00000000e4400000,0x00000000e4400000,0x00000000e4e80000)
 ParOldGen       total 55296K, used 11182K [0x0000000084a00000, 0x0000000088000000, 0x00000000d6e00000)
  object space 55296K, 20% used [0x0000000084a00000,0x00000000854ebb58,0x0000000088000000)
 Metaspace       used 25713K, capacity 25970K, committed 26240K, reserved 1073152K
  class space    used 3236K, capacity 3343K, committed 3456K, reserved 1048576K
}
Event: 13,256 GC heap before
{Heap before GC invocations=10 (full 1):
 PSYoungGen      total 224768K, used 224301K [0x00000000d6e00000, 0x00000000e5900000, 0x0000000100000000)
  eden space 217600K, 100% used [0x00000000d6e00000,0x00000000e4280000,0x00000000e4280000)
  from space 7168K, 93% used [0x00000000e5200000,0x00000000e588b498,0x00000000e5900000)
  to   space 10752K, 0% used [0x00000000e4400000,0x00000000e4400000,0x00000000e4e80000)
 ParOldGen       total 55296K, used 11182K [0x0000000084a00000, 0x0000000088000000, 0x00000000d6e00000)
  object space 55296K, 20% used [0x0000000084a00000,0x00000000854ebb58,0x0000000088000000)
 Metaspace       used 28419K, capacity 28756K, committed 29056K, reserved 1075200K
  class space    used 3607K, capacity 3706K, committed 3712K, reserved 1048576K

