# JRE version: OpenJDK Runtime Environment (8.0_131-b11) (build 1.8.0_131-8u131-b11-2ubuntu1.16.04.3-b11)
# Java VM: OpenJDK 64-Bit Server VM (25.131-b11 mixed mode linux-amd64 compressed oops)
Heap:
 PSYoungGen      total 502784K, used 16496K [0x00000000d6e00000, 0x00000000f6b00000, 0x0000000100000000)
  eden space 484352K, 0% used [0x00000000d6e00000,0x00000000d6e00000,0x00000000f4700000)
  from space 18432K, 89% used [0x00000000f4700000,0x00000000f571c0a8,0x00000000f5900000)
  to   space 16384K, 0% used [0x00000000f5b00000,0x00000000f5b00000,0x00000000f6b00000)
 ParOldGen       total 90624K, used 42074K [0x0000000084a00000, 0x000000008a280000, 0x00000000d6e00000)
  object space 90624K, 46% used [0x0000000084a00000,0x0000000087316b18,0x000000008a280000)
 Metaspace       used 58159K, capacity 58746K, committed 59160K, reserved 1099776K
  class space    used 7783K, capacity 7955K, committed 8064K, reserved 1048576K
GC Heap History (10 events):
Event: 10,051 GC heap after
Heap after GC invocations=12 (full 1):
 PSYoungGen      total 296448K, used 7717K [0x00000000d6e00000, 0x00000000efd80000, 0x0000000100000000)
  eden space 283648K, 0% used [0x00000000d6e00000,0x00000000d6e00000,0x00000000e8300000)
  from space 12800K, 60% used [0x00000000e8300000,0x00000000e8a89658,0x00000000e8f80000)
  to   space 12288K, 0% used [0x00000000ef180000,0x00000000ef180000,0x00000000efd80000)
 ParOldGen       total 56832K, used 21084K [0x0000000084a00000, 0x0000000088180000, 0x00000000d6e00000)
  object space 56832K, 37% used [0x0000000084a00000,0x0000000085e97170,0x0000000088180000)
 Metaspace       used 34742K, capacity 35168K, committed 35496K, reserved 1081344K
  class space    used 4388K, capacity 4508K, committed 4608K, reserved 1048576K
}
Event: 10,051 GC heap before
{Heap before GC invocations=13 (full 2):
 PSYoungGen      total 296448K, used 7717K [0x00000000d6e00000, 0x00000000efd80000, 0x0000000100000000)
  eden space 283648K, 0% used [0x00000000d6e00000,0x00000000d6e00000,0x00000000e8300000)
  from space 12800K, 60% used [0x00000000e8300000,0x00000000e8a89658,0x00000000e8f80000)
  to   space 12288K, 0% used [0x00000000ef180000,0x00000000ef180000,0x00000000efd80000)
 ParOldGen       total 56832K, used 21084K [0x0000000084a00000, 0x0000000088180000, 0x00000000d6e00000)
  object space 56832K, 37% used [0x0000000084a00000,0x0000000085e97170,0x0000000088180000)
 Metaspace       used 34742K, capacity 35168K, committed 35496K, reserved 1081344K
  class space    used 4388K, capacity 4508K, committed 4608K, reserved 1048576K
Event: 10,157 GC heap after
Heap after GC invocations=13 (full 2):
 PSYoungGen      total 296448K, used 0K [0x00000000d6e00000, 0x00000000efd80000, 0x0000000100000000)
  eden space 283648K, 0% used [0x00000000d6e00000,0x00000000d6e00000,0x00000000e8300000)
  from space 12800K, 0% used [0x00000000e8300000,0x00000000e8300000,0x00000000e8f80000)
  to   space 12288K, 0% used [0x00000000ef180000,0x00000000ef180000,0x00000000efd80000)
 ParOldGen       total 90624K, used 26598K [0x0000000084a00000, 0x000000008a280000, 0x00000000d6e00000)
  object space 90624K, 29% used [0x0000000084a00000,0x00000000863f98f8,0x000000008a280000)
 Metaspace       used 34742K, capacity 35168K, committed 35496K, reserved 1081344K
  class space    used 4388K, capacity 4508K, committed 4608K, reserved 1048576K
}
Event: 12,070 GC heap before
{Heap before GC invocations=14 (full 2):
 PSYoungGen      total 296448K, used 283648K [0x00000000d6e00000, 0x00000000efd80000, 0x0000000100000000)
  eden space 283648K, 100% used [0x00000000d6e00000,0x00000000e8300000,0x00000000e8300000)
  from space 12800K, 0% used [0x00000000e8300000,0x00000000e8300000,0x00000000e8f80000)
  to   space 12288K, 0% used [0x00000000ef180000,0x00000000ef180000,0x00000000efd80000)
 ParOldGen       total 90624K, used 26598K [0x0000000084a00000, 0x000000008a280000, 0x00000000d6e00000)
  object space 90624K, 29% used [0x0000000084a00000,0x00000000863f98f8,0x000000008a280000)
 Metaspace       used 37299K, capacity 37748K, committed 38144K, reserved 1083392K
  class space    used 4690K, capacity 4832K, committed 4864K, reserved 1048576K
Event: 12,080 GC heap after
Heap after GC invocations=14 (full 2):
 PSYoungGen      total 385536K, used 9926K [0x00000000d6e00000, 0x00000000efb80000, 0x0000000100000000)
  eden space 375296K, 0% used [0x00000000d6e00000,0x00000000d6e00000,0x00000000edc80000)
  from space 10240K, 96% used [0x00000000ef180000,0x00000000efb31850,0x00000000efb80000)
  to   space 13312K, 0% used [0x00000000ee180000,0x00000000ee180000,0x00000000eee80000)
 ParOldGen       total 90624K, used 26606K [0x0000000084a00000, 0x000000008a280000, 0x00000000d6e00000)
  object space 90624K, 29% used [0x0000000084a00000,0x00000000863fb8f8,0x000000008a280000)
 Metaspace       used 37299K, capacity 37748K, committed 38144K, reserved 1083392K
  class space    used 4690K, capacity 4832K, committed 4864K, reserved 1048576K
}
Event: 19,011 GC heap before
{Heap before GC invocations=15 (full 2):
 PSYoungGen      total 385536K, used 385222K [0x00000000d6e00000, 0x00000000efb80000, 0x0000000100000000)
  eden space 375296K, 100% used [0x00000000d6e00000,0x00000000edc80000,0x00000000edc80000)
  from space 10240K, 96% used [0x00000000ef180000,0x00000000efb31850,0x00000000efb80000)
  to   space 13312K, 0% used [0x00000000ee180000,0x00000000ee180000,0x00000000eee80000)
 ParOldGen       total 90624K, used 26606K [0x0000000084a00000, 0x000000008a280000, 0x00000000d6e00000)
  object space 90624K, 29% used [0x0000000084a00000,0x00000000863fb8f8,0x000000008a280000)
 Metaspace       used 47694K, capacity 48178K, committed 48768K, reserved 1091584K
  class space    used 6066K, capacity 6193K, committed 6272K, reserved 1048576K
Event: 19,054 GC heap after
Heap after GC invocations=15 (full 2):
 PSYoungGen      total 393728K, used 13297K [0x00000000d6e00000, 0x00000000f6c80000, 0x0000000100000000)
  eden space 380416K, 0% used [0x00000000d6e00000,0x00000000d6e00000,0x00000000ee180000)
  from space 13312K, 99% used [0x00000000ee180000,0x00000000eee7c530,0x00000000eee80000)
  to   space 17920K, 0% used [0x00000000f5b00000,0x00000000f5b00000,0x00000000f6c80000)
 ParOldGen       total 90624K, used 35493K [0x0000000084a00000, 0x000000008a280000, 0x00000000d6e00000)
  object space 90624K, 39% used [0x0000000084a00000,0x0000000086ca9758,0x000000008a280000)
 Metaspace       used 47694K, capacity 48178K, committed 48768K, reserved 1091584K
  class space    used 6066K, capacity 6193K, committed 6272K, reserved 1048576K
}
Event: 26,369 GC heap before
{Heap before GC invocations=16 (full 2):
 PSYoungGen      total 393728K, used 393713K [0x00000000d6e00000, 0x00000000f6c80000, 0x0000000100000000)
  eden space 380416K, 100% used [0x00000000d6e00000,0x00000000ee180000,0x00000000ee180000)
  from space 13312K, 99% used [0x00000000ee180000,0x00000000eee7c530,0x00000000eee80000)
  to   space 17920K, 0% used [0x00000000f5b00000,0x00000000f5b00000,0x00000000f6c80000)
 ParOldGen       total 90624K, used 35493K [0x0000000084a00000, 0x000000008a280000, 0x00000000d6e00000)
  object space 90624K, 39% used [0x0000000084a00000,0x0000000086ca9758,0x000000008a280000)
 Metaspace       used 55393K, capacity 56006K, committed 56576K, reserved 1097728K
  class space    used 7449K, capacity 7599K, committed 7680K, reserved 1048576K
Event: 26,491 GC heap after
Heap after GC invocations=16 (full 2):
 PSYoungGen      total 500736K, used 12865K [0x00000000d6e00000, 0x00000000f6b00000, 0x0000000100000000)
  eden space 484352K, 0% used [0x00000000d6e00000,0x00000000d6e00000,0x00000000f4700000)
  from space 16384K, 78% used [0x00000000f5b00000,0x00000000f6790748,0x00000000f6b00000)
  to   space 18432K, 0% used [0x00000000f4700000,0x00000000f4700000,0x00000000f5900000)
 ParOldGen       total 90624K, used 42066K [0x0000000084a00000, 0x000000008a280000, 0x00000000d6e00000)
  object space 90624K, 46% used [0x0000000084a00000,0x0000000087314b18,0x000000008a280000)
 Metaspace       used 55393K, capacity 56006K, committed 56576K, reserved 1097728K
  class space    used 7449K, capacity 7599K, committed 7680K, reserved 1048576K
}
Event: 29,701 GC heap before
{Heap before GC invocations=17 (full 2):
 PSYoungGen      total 500736K, used 389857K [0x00000000d6e00000, 0x00000000f6b00000, 0x0000000100000000)
  eden space 484352K, 77% used [0x00000000d6e00000,0x00000000ede27fd8,0x00000000f4700000)
  from space 16384K, 78% used [0x00000000f5b00000,0x00000000f6790748,0x00000000f6b00000)
  to   space 18432K, 0% used [0x00000000f4700000,0x00000000f4700000,0x00000000f5900000)
 ParOldGen       total 90624K, used 42066K [0x0000000084a00000, 0x000000008a280000, 0x00000000d6e00000)
  object space 90624K, 46% used [0x0000000084a00000,0x0000000087314b18,0x000000008a280000)
 Metaspace       used 58159K, capacity 58746K, committed 59160K, reserved 1099776K
  class space    used 7783K, capacity 7955K, committed 8064K, reserved 1048576K

