# JRE version: OpenJDK Runtime Environment (8.0_131-b11) (build 1.8.0_131-8u131-b11-2ubuntu1.16.04.3-b11)
# Java VM: OpenJDK 64-Bit Server VM (25.131-b11 mixed mode linux-amd64 compressed oops)
Heap:
 PSYoungGen      total 385536K, used 12769K [0x00000000d6e00000, 0x00000000f0080000, 0x0000000100000000)
  eden space 372736K, 0% used [0x00000000d6e00000,0x00000000d6e00000,0x00000000eda00000)
  from space 12800K, 99% used [0x00000000ee780000,0x00000000ef3f8678,0x00000000ef400000)
  to   space 10240K, 0% used [0x00000000ef680000,0x00000000ef680000,0x00000000f0080000)
 ParOldGen       total 93184K, used 35223K [0x0000000084a00000, 0x000000008a500000, 0x00000000d6e00000)
  object space 93184K, 37% used [0x0000000084a00000,0x0000000086c65f10,0x000000008a500000)
 Metaspace       used 45876K, capacity 46422K, committed 46720K, reserved 1089536K
  class space    used 5871K, capacity 6007K, committed 6016K, reserved 1048576K
GC Heap History (10 events):
Event: 6,137 GC heap after
Heap after GC invocations=10 (full 1):
 PSYoungGen      total 221184K, used 10158K [0x00000000d6e00000, 0x00000000e9c80000, 0x0000000100000000)
  eden space 210432K, 0% used [0x00000000d6e00000,0x00000000d6e00000,0x00000000e3b80000)
  from space 10752K, 94% used [0x00000000e3b80000,0x00000000e456bb70,0x00000000e4600000)
  to   space 11776K, 0% used [0x00000000e9100000,0x00000000e9100000,0x00000000e9c80000)
 ParOldGen       total 57856K, used 11206K [0x0000000084a00000, 0x0000000088280000, 0x00000000d6e00000)
  object space 57856K, 19% used [0x0000000084a00000,0x00000000854f18c0,0x0000000088280000)
 Metaspace       used 28142K, capacity 28532K, committed 28800K, reserved 1075200K
  class space    used 3559K, capacity 3674K, committed 3712K, reserved 1048576K
}
Event: 7,763 GC heap before
{Heap before GC invocations=11 (full 1):
 PSYoungGen      total 221184K, used 220590K [0x00000000d6e00000, 0x00000000e9c80000, 0x0000000100000000)
  eden space 210432K, 100% used [0x00000000d6e00000,0x00000000e3b80000,0x00000000e3b80000)
  from space 10752K, 94% used [0x00000000e3b80000,0x00000000e456bb70,0x00000000e4600000)
  to   space 11776K, 0% used [0x00000000e9100000,0x00000000e9100000,0x00000000e9c80000)
 ParOldGen       total 57856K, used 11206K [0x0000000084a00000, 0x0000000088280000, 0x00000000d6e00000)
  object space 57856K, 19% used [0x0000000084a00000,0x00000000854f18c0,0x0000000088280000)
 Metaspace       used 32761K, capacity 33204K, committed 33536K, reserved 1079296K
  class space    used 4169K, capacity 4282K, committed 4352K, reserved 1048576K
Event: 7,794 GC heap after
Heap after GC invocations=11 (full 1):
 PSYoungGen      total 296960K, used 10548K [0x00000000d6e00000, 0x00000000e9e80000, 0x0000000100000000)
  eden space 285184K, 0% used [0x00000000d6e00000,0x00000000d6e00000,0x00000000e8480000)
  from space 11776K, 89% used [0x00000000e9100000,0x00000000e9b4d2a0,0x00000000e9c80000)
  to   space 12800K, 0% used [0x00000000e8480000,0x00000000e8480000,0x00000000e9100000)
 ParOldGen       total 57856K, used 14747K [0x0000000084a00000, 0x0000000088280000, 0x00000000d6e00000)
  object space 57856K, 25% used [0x0000000084a00000,0x0000000085866f18,0x0000000088280000)
 Metaspace       used 32761K, capacity 33204K, committed 33536K, reserved 1079296K
  class space    used 4169K, capacity 4282K, committed 4352K, reserved 1048576K
}
Event: 8,369 GC heap before
{Heap before GC invocations=12 (full 1):
 PSYoungGen      total 296960K, used 224344K [0x00000000d6e00000, 0x00000000e9e80000, 0x0000000100000000)
  eden space 285184K, 74% used [0x00000000d6e00000,0x00000000e3ec8f68,0x00000000e8480000)
  from space 11776K, 89% used [0x00000000e9100000,0x00000000e9b4d2a0,0x00000000e9c80000)
  to   space 12800K, 0% used [0x00000000e8480000,0x00000000e8480000,0x00000000e9100000)
 ParOldGen       total 57856K, used 14747K [0x0000000084a00000, 0x0000000088280000, 0x00000000d6e00000)
  object space 57856K, 25% used [0x0000000084a00000,0x0000000085866f18,0x0000000088280000)
 Metaspace       used 34838K, capacity 35232K, committed 35496K, reserved 1081344K
  class space    used 4396K, capacity 4508K, committed 4608K, reserved 1048576K
Event: 8,382 GC heap after
Heap after GC invocations=12 (full 1):
 PSYoungGen      total 297984K, used 7716K [0x00000000d6e00000, 0x00000000f0300000, 0x0000000100000000)
  eden space 285184K, 0% used [0x00000000d6e00000,0x00000000d6e00000,0x00000000e8480000)
  from space 12800K, 60% used [0x00000000e8480000,0x00000000e8c09368,0x00000000e9100000)
  to   space 12800K, 0% used [0x00000000ef680000,0x00000000ef680000,0x00000000f0300000)
 ParOldGen       total 57856K, used 21179K [0x0000000084a00000, 0x0000000088280000, 0x00000000d6e00000)
  object space 57856K, 36% used [0x0000000084a00000,0x0000000085eaec90,0x0000000088280000)
 Metaspace       used 34838K, capacity 35232K, committed 35496K, reserved 1081344K
  class space    used 4396K, capacity 4508K, committed 4608K, reserved 1048576K
}
Event: 8,382 GC heap before
{Heap before GC invocations=13 (full 2):
 PSYoungGen      total 297984K, used 7716K [0x00000000d6e00000, 0x00000000f0300000, 0x0000000100000000)
  eden space 285184K, 0% used [0x00000000d6e00000,0x00000000d6e00000,0x00000000e8480000)
  from space 12800K, 60% used [0x00000000e8480000,0x00000000e8c09368,0x00000000e9100000)
  to   space 12800K, 0% used [0x00000000ef680000,0x00000000ef680000,0x00000000f0300000)
 ParOldGen       total 57856K, used 21179K [0x0000000084a00000, 0x0000000088280000, 0x00000000d6e00000)
  object space 57856K, 36% used [0x0000000084a00000,0x0000000085eaec90,0x0000000088280000)
 Metaspace       used 34838K, capacity 35232K, committed 35496K, reserved 1081344K
  class space    used 4396K, capacity 4508K, committed 4608K, reserved 1048576K
Event: 8,491 GC heap after
Heap after GC invocations=13 (full 2):
 PSYoungGen      total 297984K, used 0K [0x00000000d6e00000, 0x00000000f0300000, 0x0000000100000000)
  eden space 285184K, 0% used [0x00000000d6e00000,0x00000000d6e00000,0x00000000e8480000)
  from space 12800K, 0% used [0x00000000e8480000,0x00000000e8480000,0x00000000e9100000)
  to   space 12800K, 0% used [0x00000000ef680000,0x00000000ef680000,0x00000000f0300000)
 ParOldGen       total 93184K, used 26581K [0x0000000084a00000, 0x000000008a500000, 0x00000000d6e00000)
  object space 93184K, 28% used [0x0000000084a00000,0x00000000863f5418,0x000000008a500000)
 Metaspace       used 34838K, capacity 35232K, committed 35496K, reserved 1081344K
  class space    used 4396K, capacity 4508K, committed 4608K, reserved 1048576K
}
Event: 9,616 GC heap before
{Heap before GC invocations=14 (full 2):
 PSYoungGen      total 297984K, used 285184K [0x00000000d6e00000, 0x00000000f0300000, 0x0000000100000000)
  eden space 285184K, 100% used [0x00000000d6e00000,0x00000000e8480000,0x00000000e8480000)
  from space 12800K, 0% used [0x00000000e8480000,0x00000000e8480000,0x00000000e9100000)
  to   space 12800K, 0% used [0x00000000ef680000,0x00000000ef680000,0x00000000f0300000)
 ParOldGen       total 93184K, used 26581K [0x0000000084a00000, 0x000000008a500000, 0x00000000d6e00000)
  object space 93184K, 28% used [0x0000000084a00000,0x00000000863f5418,0x000000008a500000)
 Metaspace       used 37324K, capacity 37748K, committed 38144K, reserved 1083392K
  class space    used 4691K, capacity 4832K, committed 4864K, reserved 1048576K
Event: 9,624 GC heap after
Heap after GC invocations=14 (full 2):
 PSYoungGen      total 382976K, used 9785K [0x00000000d6e00000, 0x00000000f0080000, 0x0000000100000000)
  eden space 372736K, 0% used [0x00000000d6e00000,0x00000000d6e00000,0x00000000eda00000)
  from space 10240K, 95% used [0x00000000ef680000,0x00000000f000e740,0x00000000f0080000)
  to   space 12800K, 0% used [0x00000000ee780000,0x00000000ee780000,0x00000000ef400000)
 ParOldGen       total 93184K, used 26589K [0x0000000084a00000, 0x000000008a500000, 0x00000000d6e00000)
  object space 93184K, 28% used [0x0000000084a00000,0x00000000863f7418,0x000000008a500000)
 Metaspace       used 37324K, capacity 37748K, committed 38144K, reserved 1083392K
  class space    used 4691K, capacity 4832K, committed 4864K, reserved 1048576K
}
Event: 15,561 GC heap before
{Heap before GC invocations=15 (full 2):
 PSYoungGen      total 382976K, used 382521K [0x00000000d6e00000, 0x00000000f0080000, 0x0000000100000000)
  eden space 372736K, 100% used [0x00000000d6e00000,0x00000000eda00000,0x00000000eda00000)
  from space 10240K, 95% used [0x00000000ef680000,0x00000000f000e740,0x00000000f0080000)
  to   space 12800K, 0% used [0x00000000ee780000,0x00000000ee780000,0x00000000ef400000)
 ParOldGen       total 93184K, used 26589K [0x0000000084a00000, 0x000000008a500000, 0x00000000d6e00000)
  object space 93184K, 28% used [0x0000000084a00000,0x00000000863f7418,0x000000008a500000)
 Metaspace       used 45876K, capacity 46422K, committed 46720K, reserved 1089536K
  class space    used 5871K, capacity 6007K, committed 6016K, reserved 1048576K

